[debug] [2017-08-07T13:58:43.990Z] ----------------------------------------------------------------------
[debug] [2017-08-07T13:58:43.992Z] Command:       /usr/local/bin/node /usr/local/bin/firebase deploy
[debug] [2017-08-07T13:58:43.992Z] CLI Version:   3.9.2
[debug] [2017-08-07T13:58:43.992Z] Platform:      darwin
[debug] [2017-08-07T13:58:43.993Z] Node Version:  v6.11.1
[debug] [2017-08-07T13:58:43.993Z] Time:          Mon Aug 07 2017 08:58:43 GMT-0500 (CDT)
[debug] [2017-08-07T13:58:43.993Z] ----------------------------------------------------------------------
[debug] 
[debug] [2017-08-07T13:58:44.009Z] > command requires scopes: ["email","openid","https://www.googleapis.com/auth/cloudplatformprojects.readonly","https://www.googleapis.com/auth/firebase","https://www.googleapis.com/auth/cloud-platform"]
[debug] [2017-08-07T13:58:44.010Z] > authorizing via signed-in user
[debug] [2017-08-07T13:58:44.013Z] >>> HTTP REQUEST GET https://admin.firebase.com/v1/projects/primeweekend2  
 Mon Aug 07 2017 08:58:44 GMT-0500 (CDT)
[debug] [2017-08-07T13:58:46.227Z] <<< HTTP RESPONSE 200
[debug] [2017-08-07T13:58:46.229Z] >>> HTTP REQUEST GET https://admin.firebase.com/v1/database/primeweekend2/tokens  
 Mon Aug 07 2017 08:58:46 GMT-0500 (CDT)
[debug] [2017-08-07T13:58:46.779Z] <<< HTTP RESPONSE 200
[info] 
[info] === Deploying to 'primeweekend2'...
[info] 
[info] i  deploying functions, hosting
[debug] [2017-08-07T13:58:47.134Z] > [functions] package.json contents: {
  "name": "functions",
  "description": "Cloud Functions for Firebase",
  "dependencies": {
    "firebase-admin": "~4.2.1",
    "firebase-functions": "^0.5.7"
  },
  "private": true
}
[info] i  functions: ensuring necessary APIs are enabled...
[info] i  runtimeconfig: ensuring necessary APIs are enabled...
[debug] [2017-08-07T13:58:47.137Z] >>> HTTP REQUEST GET https://servicemanagement.googleapis.com/v1/services/cloudfunctions.googleapis.com/projectSettings/primeweekend2?view=CONSUMER_VIEW  
 Mon Aug 07 2017 08:58:47 GMT-0500 (CDT)
[debug] [2017-08-07T13:58:47.137Z] >>> HTTP REQUEST GET https://servicemanagement.googleapis.com/v1/services/runtimeconfig.googleapis.com/projectSettings/primeweekend2?view=CONSUMER_VIEW  
 Mon Aug 07 2017 08:58:47 GMT-0500 (CDT)
[debug] [2017-08-07T13:58:47.703Z] <<< HTTP RESPONSE 200
[info] ✔  runtimeconfig: all necessary APIs are enabled
[debug] [2017-08-07T13:58:47.737Z] <<< HTTP RESPONSE 200
[info] ✔  functions: all necessary APIs are enabled
[debug] [2017-08-07T13:58:47.738Z] >>> HTTP REQUEST GET https://appengine.googleapis.com/v1/apps/primeweekend2  
 Mon Aug 07 2017 08:58:47 GMT-0500 (CDT)
[debug] [2017-08-07T13:58:47.738Z] >>> HTTP REQUEST GET https://apikeys.googleapis.com/v1/projects/primeweekend2/apiKeys  
 Mon Aug 07 2017 08:58:47 GMT-0500 (CDT)
[debug] [2017-08-07T13:58:48.114Z] <<< HTTP RESPONSE 200
[debug] [2017-08-07T13:58:48.116Z] <<< HTTP RESPONSE 200
[info] i  functions: preparing functions directory for uploading...
[debug] [2017-08-07T13:58:50.091Z] >>> HTTP REQUEST GET https://runtimeconfig.googleapis.com/v1beta1/projects/primeweekend2/configs  
 Mon Aug 07 2017 08:58:50 GMT-0500 (CDT)
[debug] [2017-08-07T13:58:50.248Z] <<< HTTP RESPONSE 200
[info] i  hosting: preparing public directory for upload...
[debug] [2017-08-07T13:58:50.576Z] >>> HTTP REQUEST PUT https://deploy.firebase.com/v1/hosting/primeweekend2/uploads/-KqwzQSeo-GpGbgzsC-K?fileCount=5&message=  
 Mon Aug 07 2017 08:58:50 GMT-0500 (CDT)
